Socket created!!!!
bind done
Client Number: 0
Handler assigned 

Client Number: 1
Handler assigned 

Client Number: 2
Handler assigned 

Client Number: 3
Handler assigned 

Client Number: 4
Handler assigned 

Client Number: 5
Handler assigned 

Client Number: 6
Handler assigned 

Client Number: 7
Handler assigned 

Client Number: 8
Handler assigned 

Client Number: 9
Handler assigned 

Client Number: 10
Handler assigned 

Client Number: 11
Handler assigned 

Client Number: 12
Handler assigned 

Client Number: 13
Handler assigned 

Client Number: 14
Handler assigned 

Client Number: 15
Handler assigned 

Client Number: 16
Handler assigned 

Client Number: 17
Handler assigned 

Client Number: 18
Handler assigned 

Client Number: 19
Handler assigned 

Client Number: 20
Handler assigned 

Client Number: 21
Handler assigned 

Client Number: 22
Handler assigned 

Client Number: 23
Handler assigned 

Client Number: 24
Handler assigned 

Client Number: 25
Handler assigned 

Client Number: 26
Handler assigned 

Client Number: 27
Handler assigned 

Client Number: 28
Handler assigned 

Client Number: 29
Handler assigned 

Client Number: 30
Handler assigned 

Client Number: 31
Handler assigned 

0000000000000000000000000000000000000000001000000000000000000000
after printing client message

printing clientmesage

                                                                 


printing key
0000000000000000000000000000000000000000001000000000000000000000


returned key
